INFO [2025-03-10 16:20:36] $x
INFO [2025-03-10 16:20:36] list(`Avg View Count` = list_avg_view_count, `Avg Like Count` = list_avg_like_count, 
INFO [2025-03-10 16:20:36]     `Video Count` = list_video_count)
INFO [2025-03-10 16:20:36] 
INFO [2025-03-10 16:20:36] $filename
INFO [2025-03-10 16:20:36] NULL
INFO [2025-03-10 16:20:36] 
INFO [2025-03-10 16:20:36] $fill
INFO [2025-03-10 16:20:36] c("red", "blue", "green")
INFO [2025-03-10 16:20:36] 
INFO [2025-03-10 16:20:36] $alpha
INFO [2025-03-10 16:20:36] [1] 0.5
INFO [2025-03-10 16:20:36] 
INFO [2025-03-10 16:20:36] $cex
INFO [2025-03-10 16:20:36] [1] 1.5
INFO [2025-03-10 16:20:36] 
INFO [2025-03-10 16:20:36] $cat.cex
INFO [2025-03-10 16:20:36] [1] 1.5
INFO [2025-03-10 16:20:36] 
INFO [2025-03-10 16:20:36] $cat.pos
INFO [2025-03-10 16:20:36] c(-20, 20, 180)
INFO [2025-03-10 16:20:36] 
INFO [2025-03-10 16:20:36] $cat.dist
INFO [2025-03-10 16:20:36] c(0.05, 0.05, 0.05)
INFO [2025-03-10 16:20:36] 
INFO [2025-03-10 16:20:36] $main
INFO [2025-03-10 16:20:36] [1] "Overlap of Top 10% Countries Across Criteria"
INFO [2025-03-10 16:20:36] 
