INFO [2025-04-13 07:56:02] $x
INFO [2025-04-13 07:56:02] list(`Avg View Count` = list_avg_view_count, `Avg Like Count` = list_avg_like_count, 
INFO [2025-04-13 07:56:02]     `Video Count` = list_video_count)
INFO [2025-04-13 07:56:02] 
INFO [2025-04-13 07:56:02] $filename
INFO [2025-04-13 07:56:02] NULL
INFO [2025-04-13 07:56:02] 
INFO [2025-04-13 07:56:02] $fill
INFO [2025-04-13 07:56:02] c("red", "blue", "green")
INFO [2025-04-13 07:56:02] 
INFO [2025-04-13 07:56:02] $alpha
INFO [2025-04-13 07:56:02] [1] 0.5
INFO [2025-04-13 07:56:02] 
INFO [2025-04-13 07:56:02] $cex
INFO [2025-04-13 07:56:02] [1] 1.5
INFO [2025-04-13 07:56:02] 
INFO [2025-04-13 07:56:02] $cat.cex
INFO [2025-04-13 07:56:02] [1] 1.5
INFO [2025-04-13 07:56:02] 
INFO [2025-04-13 07:56:02] $cat.pos
INFO [2025-04-13 07:56:02] c(-20, 20, 180)
INFO [2025-04-13 07:56:02] 
INFO [2025-04-13 07:56:02] $cat.dist
INFO [2025-04-13 07:56:02] c(0.05, 0.05, 0.05)
INFO [2025-04-13 07:56:02] 
INFO [2025-04-13 07:56:02] $main
INFO [2025-04-13 07:56:02] [1] "Overlap of Top 10% Countries Across Criteria"
INFO [2025-04-13 07:56:02] 
