INFO [2025-04-13 09:51:39] $x
INFO [2025-04-13 09:51:39] list(`Avg View Count` = list_avg_view_count, `Avg Like Count` = list_avg_like_count, 
INFO [2025-04-13 09:51:39]     `Video Count` = list_video_count)
INFO [2025-04-13 09:51:39] 
INFO [2025-04-13 09:51:39] $filename
INFO [2025-04-13 09:51:39] NULL
INFO [2025-04-13 09:51:39] 
INFO [2025-04-13 09:51:39] $fill
INFO [2025-04-13 09:51:39] c("red", "blue", "green")
INFO [2025-04-13 09:51:39] 
INFO [2025-04-13 09:51:39] $alpha
INFO [2025-04-13 09:51:39] [1] 0.5
INFO [2025-04-13 09:51:39] 
INFO [2025-04-13 09:51:39] $cex
INFO [2025-04-13 09:51:39] [1] 1.5
INFO [2025-04-13 09:51:39] 
INFO [2025-04-13 09:51:39] $cat.cex
INFO [2025-04-13 09:51:39] [1] 1.5
INFO [2025-04-13 09:51:39] 
INFO [2025-04-13 09:51:39] $cat.pos
INFO [2025-04-13 09:51:39] c(-20, 20, 180)
INFO [2025-04-13 09:51:39] 
INFO [2025-04-13 09:51:39] $cat.dist
INFO [2025-04-13 09:51:39] c(0.05, 0.05, 0.05)
INFO [2025-04-13 09:51:39] 
INFO [2025-04-13 09:51:39] $main
INFO [2025-04-13 09:51:39] [1] "Overlap of Top 10% Countries Across Criteria"
INFO [2025-04-13 09:51:39] 
